{"/home/Coder/prueba-nodejs/api-riwimedicare/src/app.ts": {"path":"/home/Coder/prueba-nodejs/api-riwimedicare/src/app.ts","statementMap":{"0":{"start":{"line":3,"column":0},"end":{"line":3,"column":47}},"1":{"start":{"line":4,"column":0},"end":{"line":4,"column":43}},"2":{"start":{"line":5,"column":0},"end":{"line":5,"column":59}},"3":{"start":{"line":6,"column":0},"end":{"line":6,"column":59}},"4":{"start":{"line":7,"column":0},"end":{"line":7,"column":70}},"5":{"start":{"line":8,"column":0},"end":{"line":8,"column":52}},"6":{"start":{"line":9,"column":0},"end":{"line":9,"column":58}},"7":{"start":{"line":10,"column":0},"end":{"line":10,"column":70}},"8":{"start":{"line":11,"column":0},"end":{"line":11,"column":67}},"9":{"start":{"line":12,"column":0},"end":{"line":12,"column":61}},"10":{"start":{"line":13,"column":0},"end":{"line":13,"column":59}},"11":{"start":{"line":14,"column":0},"end":{"line":14,"column":67}},"12":{"start":{"line":16,"column":25},"end":{"line":16,"column":34}},"13":{"start":{"line":19,"column":0},"end":{"line":19,"column":24}},"14":{"start":{"line":22,"column":0},"end":{"line":30,"column":2}},"15":{"start":{"line":32,"column":0},"end":{"line":32,"column":36}},"16":{"start":{"line":33,"column":0},"end":{"line":33,"column":41}},"17":{"start":{"line":34,"column":0},"end":{"line":34,"column":47}},"18":{"start":{"line":35,"column":0},"end":{"line":35,"column":49}},"19":{"start":{"line":36,"column":0},"end":{"line":36,"column":46}},"20":{"start":{"line":37,"column":0},"end":{"line":37,"column":43}},"21":{"start":{"line":38,"column":0},"end":{"line":38,"column":41}},"22":{"start":{"line":40,"column":0},"end":{"line":42,"column":3}},"23":{"start":{"line":41,"column":4},"end":{"line":41,"column":85}},"24":{"start":{"line":45,"column":0},"end":{"line":45,"column":25}},"25":{"start":{"line":47,"column":0},"end":{"line":47,"column":19}}},"fnMap":{"0":{"name":"(anonymous_1)","decl":{"start":{"line":40,"column":13},"end":{"line":40,"column":14}},"loc":{"start":{"line":40,"column":33},"end":{"line":42,"column":1}}}},"branchMap":{},"s":{"0":1,"1":1,"2":1,"3":1,"4":1,"5":1,"6":1,"7":1,"8":1,"9":1,"10":1,"11":1,"12":1,"13":1,"14":1,"15":1,"16":1,"17":1,"18":1,"19":1,"20":1,"21":1,"22":1,"23":0,"24":1,"25":1},"f":{"0":0},"b":{}}
,"/home/Coder/prueba-nodejs/api-riwimedicare/src/core/middlewares/auth.middleware.ts": {"path":"/home/Coder/prueba-nodejs/api-riwimedicare/src/core/middlewares/auth.middleware.ts","statementMap":{"0":{"start":{"line":4,"column":0},"end":{"line":4,"column":59}},"1":{"start":{"line":5,"column":0},"end":{"line":5,"column":60}},"2":{"start":{"line":29,"column":28},"end":{"line":59,"column":1}},"3":{"start":{"line":30,"column":4},"end":{"line":58,"column":5}},"4":{"start":{"line":32,"column":27},"end":{"line":32,"column":52}},"5":{"start":{"line":33,"column":8},"end":{"line":35,"column":9}},"6":{"start":{"line":34,"column":12},"end":{"line":34,"column":92}},"7":{"start":{"line":37,"column":8},"end":{"line":39,"column":9}},"8":{"start":{"line":38,"column":12},"end":{"line":38,"column":104}},"9":{"start":{"line":41,"column":22},"end":{"line":41,"column":45}},"10":{"start":{"line":43,"column":31},"end":{"line":43,"column":49}},"11":{"start":{"line":45,"column":8},"end":{"line":45,"column":34}},"12":{"start":{"line":47,"column":8},"end":{"line":47,"column":15}},"13":{"start":{"line":53,"column":8},"end":{"line":57,"column":9}},"14":{"start":{"line":54,"column":12},"end":{"line":54,"column":24}},"15":{"start":{"line":56,"column":12},"end":{"line":56,"column":115}},"16":{"start":{"line":29,"column":13},"end":{"line":29,"column":28}}},"fnMap":{"0":{"name":"(anonymous_0)","decl":{"start":{"line":29,"column":28},"end":{"line":29,"column":29}},"loc":{"start":{"line":29,"column":87},"end":{"line":59,"column":1}}}},"branchMap":{"0":{"loc":{"start":{"line":33,"column":8},"end":{"line":35,"column":9}},"type":"if","locations":[{"start":{"line":33,"column":8},"end":{"line":35,"column":9}},{"start":{},"end":{}}]},"1":{"loc":{"start":{"line":37,"column":8},"end":{"line":39,"column":9}},"type":"if","locations":[{"start":{"line":37,"column":8},"end":{"line":39,"column":9}},{"start":{},"end":{}}]},"2":{"loc":{"start":{"line":53,"column":8},"end":{"line":57,"column":9}},"type":"if","locations":[{"start":{"line":53,"column":8},"end":{"line":57,"column":9}},{"start":{"line":55,"column":15},"end":{"line":57,"column":9}}]}},"s":{"0":1,"1":1,"2":1,"3":7,"4":7,"5":7,"6":1,"7":6,"8":0,"9":6,"10":6,"11":5,"12":5,"13":2,"14":1,"15":1,"16":1},"f":{"0":7},"b":{"0":[1,6],"1":[0,6],"2":[1,1]}}
,"/home/Coder/prueba-nodejs/api-riwimedicare/src/core/middlewares/error.middleware.ts": {"path":"/home/Coder/prueba-nodejs/api-riwimedicare/src/core/middlewares/error.middleware.ts","statementMap":{"0":{"start":{"line":4,"column":0},"end":{"line":4,"column":43}},"1":{"start":{"line":5,"column":0},"end":{"line":5,"column":54}},"2":{"start":{"line":23,"column":52},"end":{"line":69,"column":1}},"3":{"start":{"line":31,"column":21},"end":{"line":31,"column":24}},"4":{"start":{"line":32,"column":20},"end":{"line":32,"column":36}},"5":{"start":{"line":33,"column":18},"end":{"line":33,"column":57}},"6":{"start":{"line":36,"column":4},"end":{"line":45,"column":5}},"7":{"start":{"line":37,"column":8},"end":{"line":37,"column":36}},"8":{"start":{"line":38,"column":8},"end":{"line":38,"column":34}},"9":{"start":{"line":39,"column":8},"end":{"line":39,"column":30}},"10":{"start":{"line":40,"column":11},"end":{"line":45,"column":5}},"11":{"start":{"line":42,"column":8},"end":{"line":42,"column":25}},"12":{"start":{"line":43,"column":8},"end":{"line":43,"column":37}},"13":{"start":{"line":44,"column":8},"end":{"line":44,"column":72}},"14":{"start":{"line":48,"column":4},"end":{"line":48,"column":112}},"15":{"start":{"line":49,"column":4},"end":{"line":51,"column":5}},"16":{"start":{"line":50,"column":8},"end":{"line":50,"column":33}},"17":{"start":{"line":54,"column":26},"end":{"line":54,"column":56}},"18":{"start":{"line":55,"column":26},"end":{"line":55,"column":71}},"19":{"start":{"line":57,"column":40},"end":{"line":65,"column":6}},"20":{"start":{"line":68,"column":4},"end":{"line":68,"column":46}},"21":{"start":{"line":23,"column":13},"end":{"line":23,"column":52}}},"fnMap":{"0":{"name":"(anonymous_0)","decl":{"start":{"line":23,"column":52},"end":{"line":23,"column":null}},"loc":{"start":{"line":29,"column":10},"end":{"line":69,"column":1}}}},"branchMap":{"0":{"loc":{"start":{"line":36,"column":4},"end":{"line":45,"column":5}},"type":"if","locations":[{"start":{"line":36,"column":4},"end":{"line":45,"column":5}},{"start":{"line":40,"column":11},"end":{"line":45,"column":5}}]},"1":{"loc":{"start":{"line":40,"column":11},"end":{"line":45,"column":5}},"type":"if","locations":[{"start":{"line":40,"column":11},"end":{"line":45,"column":5}},{"start":{},"end":{}}]},"2":{"loc":{"start":{"line":49,"column":4},"end":{"line":51,"column":5}},"type":"if","locations":[{"start":{"line":49,"column":4},"end":{"line":51,"column":5}},{"start":{},"end":{}}]},"3":{"loc":{"start":{"line":60,"column":17},"end":{"line":60,"column":117}},"type":"cond-expr","locations":[{"start":{"line":60,"column":33},"end":{"line":60,"column":44}},{"start":{"line":60,"column":47},"end":{"line":60,"column":117}}]},"4":{"loc":{"start":{"line":60,"column":47},"end":{"line":60,"column":117}},"type":"cond-expr","locations":[{"start":{"line":60,"column":68},"end":{"line":60,"column":107}},{"start":{"line":60,"column":110},"end":{"line":60,"column":117}}]},"5":{"loc":{"start":{"line":62,"column":12},"end":{"line":62,"column":57}},"type":"cond-expr","locations":[{"start":{"line":62,"column":27},"end":{"line":62,"column":52}},{"start":{"line":62,"column":55},"end":{"line":62,"column":57}}]},"6":{"loc":{"start":{"line":64,"column":12},"end":{"line":64,"column":49}},"type":"binary-expr","locations":[{"start":{"line":64,"column":12},"end":{"line":64,"column":25}},{"start":{"line":64,"column":29},"end":{"line":64,"column":49}}]}},"s":{"0":1,"1":1,"2":1,"3":6,"4":6,"5":6,"6":6,"7":6,"8":6,"9":6,"10":0,"11":0,"12":0,"13":0,"14":6,"15":6,"16":6,"17":6,"18":6,"19":6,"20":6,"21":1},"f":{"0":6},"b":{"0":[6,0],"1":[0,0],"2":[6,0],"3":[0,6],"4":[0,6],"5":[2,4],"6":[6,0]}}
,"/home/Coder/prueba-nodejs/api-riwimedicare/src/core/middlewares/role.middleware.ts": {"path":"/home/Coder/prueba-nodejs/api-riwimedicare/src/core/middlewares/role.middleware.ts","statementMap":{"0":{"start":{"line":4,"column":0},"end":{"line":4,"column":75}},"1":{"start":{"line":12,"column":30},"end":{"line":39,"column":1}},"2":{"start":{"line":14,"column":4},"end":{"line":38,"column":6}},"3":{"start":{"line":15,"column":8},"end":{"line":37,"column":9}},"4":{"start":{"line":17,"column":12},"end":{"line":19,"column":13}},"5":{"start":{"line":18,"column":16},"end":{"line":18,"column":101}},"6":{"start":{"line":22,"column":29},"end":{"line":22,"column":46}},"7":{"start":{"line":25,"column":12},"end":{"line":30,"column":13}},"8":{"start":{"line":27,"column":16},"end":{"line":29,"column":18}},"9":{"start":{"line":33,"column":12},"end":{"line":33,"column":19}},"10":{"start":{"line":36,"column":12},"end":{"line":36,"column":24}},"11":{"start":{"line":12,"column":13},"end":{"line":12,"column":30}}},"fnMap":{"0":{"name":"(anonymous_0)","decl":{"start":{"line":12,"column":30},"end":{"line":12,"column":31}},"loc":{"start":{"line":12,"column":57},"end":{"line":39,"column":1}}},"1":{"name":"(anonymous_1)","decl":{"start":{"line":14,"column":11},"end":{"line":14,"column":12}},"loc":{"start":{"line":14,"column":70},"end":{"line":38,"column":5}}}},"branchMap":{"0":{"loc":{"start":{"line":17,"column":12},"end":{"line":19,"column":13}},"type":"if","locations":[{"start":{"line":17,"column":12},"end":{"line":19,"column":13}},{"start":{},"end":{}}]},"1":{"loc":{"start":{"line":17,"column":16},"end":{"line":17,"column":47}},"type":"binary-expr","locations":[{"start":{"line":17,"column":16},"end":{"line":17,"column":25}},{"start":{"line":17,"column":29},"end":{"line":17,"column":47}}]},"2":{"loc":{"start":{"line":25,"column":12},"end":{"line":30,"column":13}},"type":"if","locations":[{"start":{"line":25,"column":12},"end":{"line":30,"column":13}},{"start":{},"end":{}}]}},"s":{"0":1,"1":1,"2":12,"3":5,"4":5,"5":0,"6":5,"7":5,"8":0,"9":5,"10":0,"11":1},"f":{"0":12,"1":5},"b":{"0":[0,5],"1":[5,5],"2":[0,5]}}
,"/home/Coder/prueba-nodejs/api-riwimedicare/src/core/middlewares/upload.middleware.ts": {"path":"/home/Coder/prueba-nodejs/api-riwimedicare/src/core/middlewares/upload.middleware.ts","statementMap":{"0":{"start":{"line":1,"column":0},"end":{"line":1,"column":52}},"1":{"start":{"line":3,"column":0},"end":{"line":3,"column":57}},"2":{"start":{"line":5,"column":27},"end":{"line":12,"column":2}},"3":{"start":{"line":14,"column":19},"end":{"line":21,"column":1}},"4":{"start":{"line":15,"column":19},"end":{"line":15,"column":108}},"5":{"start":{"line":16,"column":4},"end":{"line":19,"column":5}},"6":{"start":{"line":17,"column":8},"end":{"line":17,"column":82}},"7":{"start":{"line":18,"column":8},"end":{"line":18,"column":15}},"8":{"start":{"line":20,"column":4},"end":{"line":20,"column":25}},"9":{"start":{"line":23,"column":27},"end":{"line":27,"column":20}},"10":{"start":{"line":29,"column":33},"end":{"line":37,"column":1}},"11":{"start":{"line":30,"column":4},"end":{"line":36,"column":7}},"12":{"start":{"line":31,"column":8},"end":{"line":34,"column":9}},"13":{"start":{"line":32,"column":12},"end":{"line":32,"column":53}},"14":{"start":{"line":33,"column":12},"end":{"line":33,"column":19}},"15":{"start":{"line":35,"column":8},"end":{"line":35,"column":15}},"16":{"start":{"line":29,"column":13},"end":{"line":29,"column":33}}},"fnMap":{"0":{"name":"(anonymous_1)","decl":{"start":{"line":14,"column":19},"end":{"line":14,"column":20}},"loc":{"start":{"line":14,"column":104},"end":{"line":21,"column":1}}},"1":{"name":"(anonymous_2)","decl":{"start":{"line":29,"column":33},"end":{"line":29,"column":34}},"loc":{"start":{"line":29,"column":100},"end":{"line":37,"column":1}}},"2":{"name":"(anonymous_3)","decl":{"start":{"line":30,"column":42},"end":{"line":30,"column":47}},"loc":{"start":{"line":30,"column":50},"end":{"line":36,"column":5}}}},"branchMap":{"0":{"loc":{"start":{"line":15,"column":19},"end":{"line":15,"column":108}},"type":"binary-expr","locations":[{"start":{"line":15,"column":19},"end":{"line":15,"column":55}},{"start":{"line":15,"column":59},"end":{"line":15,"column":108}}]},"1":{"loc":{"start":{"line":16,"column":4},"end":{"line":19,"column":5}},"type":"if","locations":[{"start":{"line":16,"column":4},"end":{"line":19,"column":5}},{"start":{},"end":{}}]},"2":{"loc":{"start":{"line":16,"column":8},"end":{"line":16,"column":75}},"type":"binary-expr","locations":[{"start":{"line":16,"column":8},"end":{"line":16,"column":15}},{"start":{"line":16,"column":19},"end":{"line":16,"column":75}}]},"3":{"loc":{"start":{"line":31,"column":8},"end":{"line":34,"column":9}},"type":"if","locations":[{"start":{"line":31,"column":8},"end":{"line":34,"column":9}},{"start":{},"end":{}}]}},"s":{"0":1,"1":1,"2":1,"3":1,"4":0,"5":0,"6":0,"7":0,"8":0,"9":1,"10":1,"11":0,"12":0,"13":0,"14":0,"15":0,"16":1},"f":{"0":0,"1":0,"2":0},"b":{"0":[0,0],"1":[0,0],"2":[0,0],"3":[0,0]}}
,"/home/Coder/prueba-nodejs/api-riwimedicare/src/core/middlewares/validate.middleware.ts": {"path":"/home/Coder/prueba-nodejs/api-riwimedicare/src/core/middlewares/validate.middleware.ts","statementMap":{"0":{"start":{"line":5,"column":0},"end":{"line":5,"column":57}},"1":{"start":{"line":18,"column":48},"end":{"line":23,"column":2}},"2":{"start":{"line":32,"column":34},"end":{"line":59,"column":1}},"3":{"start":{"line":33,"column":4},"end":{"line":58,"column":6}},"4":{"start":{"line":35,"column":33},"end":{"line":35,"column":80}},"5":{"start":{"line":37,"column":8},"end":{"line":51,"column":9}},"6":{"start":{"line":39,"column":58},"end":{"line":42,"column":15}},"7":{"start":{"line":39,"column":87},"end":{"line":42,"column":14}},"8":{"start":{"line":45,"column":36},"end":{"line":45,"column":97}},"9":{"start":{"line":48,"column":13},"end":{"line":48,"column":104}},"10":{"start":{"line":50,"column":12},"end":{"line":50,"column":41}},"11":{"start":{"line":54,"column":8},"end":{"line":54,"column":25}},"12":{"start":{"line":57,"column":8},"end":{"line":57,"column":22}},"13":{"start":{"line":32,"column":13},"end":{"line":32,"column":34}}},"fnMap":{"0":{"name":"(anonymous_0)","decl":{"start":{"line":32,"column":34},"end":{"line":32,"column":35}},"loc":{"start":{"line":32,"column":59},"end":{"line":59,"column":1}}},"1":{"name":"(anonymous_1)","decl":{"start":{"line":33,"column":11},"end":{"line":33,"column":12}},"loc":{"start":{"line":33,"column":70},"end":{"line":58,"column":5}}},"2":{"name":"(anonymous_2)","decl":{"start":{"line":39,"column":76},"end":{"line":39,"column":82}},"loc":{"start":{"line":39,"column":87},"end":{"line":42,"column":14}}}},"branchMap":{"0":{"loc":{"start":{"line":37,"column":8},"end":{"line":51,"column":9}},"type":"if","locations":[{"start":{"line":37,"column":8},"end":{"line":51,"column":9}},{"start":{},"end":{}}]}},"s":{"0":1,"1":1,"2":1,"3":13,"4":8,"5":8,"6":2,"7":2,"8":2,"9":2,"10":2,"11":6,"12":6,"13":1},"f":{"0":13,"1":8,"2":2},"b":{"0":[2,6]}}
,"/home/Coder/prueba-nodejs/api-riwimedicare/src/core/utils/hash.util.ts": {"path":"/home/Coder/prueba-nodejs/api-riwimedicare/src/core/utils/hash.util.ts","statementMap":{"0":{"start":{"line":3,"column":0},"end":{"line":3,"column":28}},"1":{"start":{"line":12,"column":20},"end":{"line":12,"column":22}},"2":{"start":{"line":21,"column":28},"end":{"line":23,"column":1}},"3":{"start":{"line":22,"column":4},"end":{"line":22,"column":52}},"4":{"start":{"line":21,"column":13},"end":{"line":21,"column":28}},"5":{"start":{"line":33,"column":31},"end":{"line":35,"column":1}},"6":{"start":{"line":34,"column":4},"end":{"line":34,"column":48}},"7":{"start":{"line":33,"column":13},"end":{"line":33,"column":31}}},"fnMap":{"0":{"name":"(anonymous_1)","decl":{"start":{"line":21,"column":28},"end":{"line":21,"column":33}},"loc":{"start":{"line":21,"column":72},"end":{"line":23,"column":1}}},"1":{"name":"(anonymous_2)","decl":{"start":{"line":33,"column":31},"end":{"line":33,"column":36}},"loc":{"start":{"line":33,"column":90},"end":{"line":35,"column":1}}}},"branchMap":{},"s":{"0":1,"1":1,"2":1,"3":1,"4":1,"5":1,"6":1,"7":1},"f":{"0":1,"1":1},"b":{}}
,"/home/Coder/prueba-nodejs/api-riwimedicare/src/core/utils/jwt.util.ts": {"path":"/home/Coder/prueba-nodejs/api-riwimedicare/src/core/utils/jwt.util.ts","statementMap":{"0":{"start":{"line":3,"column":0},"end":{"line":3,"column":63}},"1":{"start":{"line":4,"column":0},"end":{"line":4,"column":43}},"2":{"start":{"line":22,"column":29},"end":{"line":29,"column":1}},"3":{"start":{"line":23,"column":33},"end":{"line":26,"column":6}},"4":{"start":{"line":28,"column":4},"end":{"line":28,"column":54}},"5":{"start":{"line":22,"column":13},"end":{"line":22,"column":29}},"6":{"start":{"line":38,"column":27},"end":{"line":54,"column":1}},"7":{"start":{"line":43,"column":35},"end":{"line":45,"column":6}},"8":{"start":{"line":47,"column":20},"end":{"line":47,"column":62}},"9":{"start":{"line":49,"column":4},"end":{"line":51,"column":5}},"10":{"start":{"line":50,"column":8},"end":{"line":50,"column":63}},"11":{"start":{"line":53,"column":4},"end":{"line":53,"column":19}},"12":{"start":{"line":38,"column":13},"end":{"line":38,"column":27}},"13":{"start":{"line":56,"column":21},"end":{"line":64,"column":1}},"14":{"start":{"line":57,"column":4},"end":{"line":63,"column":6}}},"fnMap":{"0":{"name":"(anonymous_1)","decl":{"start":{"line":22,"column":29},"end":{"line":22,"column":30}},"loc":{"start":{"line":22,"column":61},"end":{"line":29,"column":1}}},"1":{"name":"(anonymous_2)","decl":{"start":{"line":38,"column":27},"end":{"line":38,"column":28}},"loc":{"start":{"line":38,"column":57},"end":{"line":54,"column":1}}},"2":{"name":"(anonymous_3)","decl":{"start":{"line":56,"column":21},"end":{"line":56,"column":22}},"loc":{"start":{"line":56,"column":81},"end":{"line":64,"column":1}}}},"branchMap":{"0":{"loc":{"start":{"line":49,"column":4},"end":{"line":51,"column":5}},"type":"if","locations":[{"start":{"line":49,"column":4},"end":{"line":51,"column":5}},{"start":{},"end":{}}]},"1":{"loc":{"start":{"line":58,"column":8},"end":{"line":62,"column":80}},"type":"binary-expr","locations":[{"start":{"line":58,"column":8},"end":{"line":58,"column":35}},{"start":{"line":59,"column":8},"end":{"line":59,"column":42}},{"start":{"line":60,"column":8},"end":{"line":60,"column":33}},{"start":{"line":61,"column":8},"end":{"line":61,"column":44}},{"start":{"line":62,"column":9},"end":{"line":62,"column":37}},{"start":{"line":62,"column":41},"end":{"line":62,"column":79}}]}},"s":{"0":1,"1":1,"2":1,"3":1,"4":1,"5":1,"6":1,"7":6,"8":6,"9":5,"10":0,"11":5,"12":1,"13":1,"14":5},"f":{"0":1,"1":6,"2":5},"b":{"0":[0,5],"1":[5,5,5,5,5,0]}}
,"/home/Coder/prueba-nodejs/api-riwimedicare/src/modules/auth/auth.controller.ts": {"path":"/home/Coder/prueba-nodejs/api-riwimedicare/src/modules/auth/auth.controller.ts","statementMap":{"0":{"start":{"line":6,"column":0},"end":{"line":6,"column":45}},"1":{"start":{"line":14,"column":8},"end":{"line":25,"column":9}},"2":{"start":{"line":16,"column":28},"end":{"line":16,"column":64}},"3":{"start":{"line":18,"column":12},"end":{"line":21,"column":15}},"4":{"start":{"line":24,"column":12},"end":{"line":24,"column":24}},"5":{"start":{"line":33,"column":8},"end":{"line":46,"column":9}},"6":{"start":{"line":35,"column":36},"end":{"line":35,"column":69}},"7":{"start":{"line":37,"column":12},"end":{"line":43,"column":15}},"8":{"start":{"line":45,"column":12},"end":{"line":45,"column":24}},"9":{"start":{"line":8,"column":0},"end":{"line":8,"column":13}},"10":{"start":{"line":51,"column":13},"end":{"line":51,"column":51}}},"fnMap":{"0":{"name":"(anonymous_0)","decl":{"start":{"line":13,"column":11},"end":{"line":13,"column":16}},"loc":{"start":{"line":13,"column":73},"end":{"line":26,"column":5}}},"1":{"name":"(anonymous_1)","decl":{"start":{"line":32,"column":11},"end":{"line":32,"column":16}},"loc":{"start":{"line":32,"column":70},"end":{"line":47,"column":5}}}},"branchMap":{},"s":{"0":1,"1":1,"2":1,"3":1,"4":0,"5":1,"6":1,"7":1,"8":0,"9":1,"10":1},"f":{"0":1,"1":1},"b":{}}
,"/home/Coder/prueba-nodejs/api-riwimedicare/src/modules/auth/auth.dto.ts": {"path":"/home/Coder/prueba-nodejs/api-riwimedicare/src/modules/auth/auth.dto.ts","statementMap":{"0":{"start":{"line":3,"column":0},"end":{"line":3,"column":22}},"1":{"start":{"line":5,"column":13},"end":{"line":5,"column":67}},"2":{"start":{"line":14,"column":13},"end":{"line":39,"column":3}},"3":{"start":{"line":48,"column":13},"end":{"line":57,"column":3}}},"fnMap":{},"branchMap":{},"s":{"0":1,"1":1,"2":1,"3":1},"f":{},"b":{}}
,"/home/Coder/prueba-nodejs/api-riwimedicare/src/modules/auth/auth.routes.ts": {"path":"/home/Coder/prueba-nodejs/api-riwimedicare/src/modules/auth/auth.routes.ts","statementMap":{"0":{"start":{"line":3,"column":0},"end":{"line":3,"column":33}},"1":{"start":{"line":4,"column":0},"end":{"line":4,"column":80}},"2":{"start":{"line":5,"column":0},"end":{"line":5,"column":51}},"3":{"start":{"line":6,"column":0},"end":{"line":6,"column":57}},"4":{"start":{"line":8,"column":15},"end":{"line":8,"column":23}},"5":{"start":{"line":57,"column":0},"end":{"line":57,"column":107}},"6":{"start":{"line":100,"column":0},"end":{"line":100,"column":98}},"7":{"start":{"line":102,"column":0},"end":{"line":102,"column":22}}},"fnMap":{},"branchMap":{},"s":{"0":1,"1":1,"2":1,"3":1,"4":1,"5":1,"6":1,"7":1},"f":{},"b":{}}
,"/home/Coder/prueba-nodejs/api-riwimedicare/src/modules/auth/auth.service.ts": {"path":"/home/Coder/prueba-nodejs/api-riwimedicare/src/modules/auth/auth.service.ts","statementMap":{"0":{"start":{"line":3,"column":0},"end":{"line":3,"column":84}},"1":{"start":{"line":4,"column":0},"end":{"line":4,"column":75}},"2":{"start":{"line":5,"column":0},"end":{"line":5,"column":58}},"3":{"start":{"line":6,"column":0},"end":{"line":6,"column":38}},"4":{"start":{"line":7,"column":0},"end":{"line":7,"column":38}},"5":{"start":{"line":25,"column":29},"end":{"line":25,"column":81}},"6":{"start":{"line":26,"column":8},"end":{"line":28,"column":9}},"7":{"start":{"line":27,"column":12},"end":{"line":27,"column":83}},"8":{"start":{"line":30,"column":30},"end":{"line":30,"column":84}},"9":{"start":{"line":31,"column":8},"end":{"line":35,"column":9}},"10":{"start":{"line":32,"column":12},"end":{"line":34,"column":14}},"11":{"start":{"line":37,"column":31},"end":{"line":37,"column":64}},"12":{"start":{"line":39,"column":24},"end":{"line":43,"column":10}},"13":{"start":{"line":45,"column":8},"end":{"line":45,"column":23}},"14":{"start":{"line":52,"column":21},"end":{"line":61,"column":10}},"15":{"start":{"line":62,"column":8},"end":{"line":64,"column":9}},"16":{"start":{"line":63,"column":12},"end":{"line":63,"column":63}},"17":{"start":{"line":66,"column":24},"end":{"line":66,"column":79}},"18":{"start":{"line":67,"column":8},"end":{"line":69,"column":9}},"19":{"start":{"line":68,"column":12},"end":{"line":68,"column":63}},"20":{"start":{"line":71,"column":27},"end":{"line":71,"column":58}},"21":{"start":{"line":72,"column":25},"end":{"line":72,"column":57}},"22":{"start":{"line":74,"column":22},"end":{"line":77,"column":10}},"23":{"start":{"line":79,"column":8},"end":{"line":79,"column":31}},"24":{"start":{"line":20,"column":0},"end":{"line":20,"column":13}},"25":{"start":{"line":83,"column":13},"end":{"line":83,"column":45}}},"fnMap":{"0":{"name":"(anonymous_1)","decl":{"start":{"line":24,"column":11},"end":{"line":24,"column":16}},"loc":{"start":{"line":24,"column":45},"end":{"line":46,"column":5}}},"1":{"name":"(anonymous_2)","decl":{"start":{"line":51,"column":11},"end":{"line":51,"column":16}},"loc":{"start":{"line":51,"column":39},"end":{"line":80,"column":5}}}},"branchMap":{"0":{"loc":{"start":{"line":26,"column":8},"end":{"line":28,"column":9}},"type":"if","locations":[{"start":{"line":26,"column":8},"end":{"line":28,"column":9}},{"start":{},"end":{}}]},"1":{"loc":{"start":{"line":31,"column":8},"end":{"line":35,"column":9}},"type":"if","locations":[{"start":{"line":31,"column":8},"end":{"line":35,"column":9}},{"start":{},"end":{}}]},"2":{"loc":{"start":{"line":62,"column":8},"end":{"line":64,"column":9}},"type":"if","locations":[{"start":{"line":62,"column":8},"end":{"line":64,"column":9}},{"start":{},"end":{}}]},"3":{"loc":{"start":{"line":67,"column":8},"end":{"line":69,"column":9}},"type":"if","locations":[{"start":{"line":67,"column":8},"end":{"line":69,"column":9}},{"start":{},"end":{}}]}},"s":{"0":1,"1":1,"2":1,"3":1,"4":1,"5":1,"6":1,"7":0,"8":1,"9":1,"10":0,"11":1,"12":1,"13":1,"14":1,"15":1,"16":0,"17":1,"18":1,"19":0,"20":1,"21":1,"22":1,"23":1,"24":1,"25":1},"f":{"0":1,"1":1},"b":{"0":[0,1],"1":[0,1],"2":[0,1],"3":[0,1]}}
,"/home/Coder/prueba-nodejs/api-riwimedicare/src/modules/request/request.controller.ts": {"path":"/home/Coder/prueba-nodejs/api-riwimedicare/src/modules/request/request.controller.ts","statementMap":{"0":{"start":{"line":2,"column":0},"end":{"line":2,"column":51}},"1":{"start":{"line":6,"column":8},"end":{"line":10,"column":9}},"2":{"start":{"line":7,"column":12},"end":{"line":7,"column":97}},"3":{"start":{"line":9,"column":12},"end":{"line":9,"column":24}},"4":{"start":{"line":14,"column":8},"end":{"line":18,"column":9}},"5":{"start":{"line":15,"column":12},"end":{"line":15,"column":90}},"6":{"start":{"line":17,"column":12},"end":{"line":17,"column":24}},"7":{"start":{"line":22,"column":8},"end":{"line":26,"column":9}},"8":{"start":{"line":23,"column":12},"end":{"line":23,"column":94}},"9":{"start":{"line":25,"column":12},"end":{"line":25,"column":24}},"10":{"start":{"line":30,"column":8},"end":{"line":34,"column":9}},"11":{"start":{"line":31,"column":12},"end":{"line":31,"column":114}},"12":{"start":{"line":33,"column":12},"end":{"line":33,"column":24}},"13":{"start":{"line":38,"column":8},"end":{"line":42,"column":9}},"14":{"start":{"line":39,"column":12},"end":{"line":39,"column":104}},"15":{"start":{"line":41,"column":12},"end":{"line":41,"column":24}},"16":{"start":{"line":46,"column":8},"end":{"line":50,"column":9}},"17":{"start":{"line":47,"column":12},"end":{"line":47,"column":118}},"18":{"start":{"line":49,"column":12},"end":{"line":49,"column":24}},"19":{"start":{"line":54,"column":8},"end":{"line":58,"column":9}},"20":{"start":{"line":55,"column":12},"end":{"line":55,"column":112}},"21":{"start":{"line":57,"column":12},"end":{"line":57,"column":24}},"22":{"start":{"line":62,"column":8},"end":{"line":67,"column":9}},"23":{"start":{"line":63,"column":12},"end":{"line":63,"column":55}},"24":{"start":{"line":64,"column":12},"end":{"line":64,"column":35}},"25":{"start":{"line":66,"column":12},"end":{"line":66,"column":24}},"26":{"start":{"line":4,"column":0},"end":{"line":4,"column":13}},"27":{"start":{"line":71,"column":13},"end":{"line":71,"column":57}}},"fnMap":{"0":{"name":"(anonymous_0)","decl":{"start":{"line":5,"column":11},"end":{"line":5,"column":16}},"loc":{"start":{"line":5,"column":71},"end":{"line":11,"column":5}}},"1":{"name":"(anonymous_1)","decl":{"start":{"line":13,"column":11},"end":{"line":13,"column":16}},"loc":{"start":{"line":13,"column":73},"end":{"line":19,"column":5}}},"2":{"name":"(anonymous_2)","decl":{"start":{"line":21,"column":11},"end":{"line":21,"column":16}},"loc":{"start":{"line":21,"column":76},"end":{"line":27,"column":5}}},"3":{"name":"(anonymous_3)","decl":{"start":{"line":29,"column":11},"end":{"line":29,"column":16}},"loc":{"start":{"line":29,"column":77},"end":{"line":35,"column":5}}},"4":{"name":"(anonymous_4)","decl":{"start":{"line":37,"column":11},"end":{"line":37,"column":16}},"loc":{"start":{"line":37,"column":73},"end":{"line":43,"column":5}}},"5":{"name":"(anonymous_5)","decl":{"start":{"line":45,"column":11},"end":{"line":45,"column":16}},"loc":{"start":{"line":45,"column":77},"end":{"line":51,"column":5}}},"6":{"name":"(anonymous_6)","decl":{"start":{"line":53,"column":11},"end":{"line":53,"column":16}},"loc":{"start":{"line":53,"column":71},"end":{"line":59,"column":5}}},"7":{"name":"(anonymous_7)","decl":{"start":{"line":61,"column":11},"end":{"line":61,"column":16}},"loc":{"start":{"line":61,"column":71},"end":{"line":68,"column":5}}}},"branchMap":{},"s":{"0":1,"1":2,"2":2,"3":1,"4":0,"5":0,"6":0,"7":0,"8":0,"9":0,"10":0,"11":0,"12":0,"13":0,"14":0,"15":0,"16":2,"17":2,"18":1,"19":0,"20":0,"21":0,"22":0,"23":0,"24":0,"25":0,"26":1,"27":1},"f":{"0":2,"1":0,"2":0,"3":0,"4":0,"5":2,"6":0,"7":0},"b":{}}
,"/home/Coder/prueba-nodejs/api-riwimedicare/src/modules/request/request.dto.ts": {"path":"/home/Coder/prueba-nodejs/api-riwimedicare/src/modules/request/request.dto.ts","statementMap":{"0":{"start":{"line":1,"column":0},"end":{"line":1,"column":22}},"1":{"start":{"line":4,"column":13},"end":{"line":9,"column":3}},"2":{"start":{"line":11,"column":13},"end":{"line":13,"column":3}},"3":{"start":{"line":15,"column":13},"end":{"line":17,"column":3}}},"fnMap":{},"branchMap":{},"s":{"0":1,"1":1,"2":1,"3":1},"f":{},"b":{}}
,"/home/Coder/prueba-nodejs/api-riwimedicare/src/modules/request/request.model.ts": {"path":"/home/Coder/prueba-nodejs/api-riwimedicare/src/modules/request/request.model.ts","statementMap":{"0":{"start":{"line":1,"column":0},"end":{"line":1,"column":55}},"1":{"start":{"line":2,"column":0},"end":{"line":2,"column":57}},"2":{"start":{"line":27,"column":0},"end":{"line":27,"column":13}},"3":{"start":{"line":38,"column":0},"end":{"line":61,"column":2}},"4":{"start":{"line":63,"column":0},"end":{"line":63,"column":29}}},"fnMap":{},"branchMap":{},"s":{"0":1,"1":1,"2":1,"3":1,"4":1},"f":{},"b":{}}
,"/home/Coder/prueba-nodejs/api-riwimedicare/src/modules/request/request.routes.ts": {"path":"/home/Coder/prueba-nodejs/api-riwimedicare/src/modules/request/request.routes.ts","statementMap":{"0":{"start":{"line":1,"column":0},"end":{"line":1,"column":33}},"1":{"start":{"line":2,"column":0},"end":{"line":2,"column":70}},"2":{"start":{"line":3,"column":0},"end":{"line":3,"column":72}},"3":{"start":{"line":4,"column":0},"end":{"line":4,"column":80}},"4":{"start":{"line":5,"column":0},"end":{"line":5,"column":57}},"5":{"start":{"line":6,"column":0},"end":{"line":6,"column":100}},"6":{"start":{"line":8,"column":15},"end":{"line":8,"column":23}},"7":{"start":{"line":9,"column":27},"end":{"line":9,"column":96}},"8":{"start":{"line":47,"column":0},"end":{"line":47,"column":90}},"9":{"start":{"line":58,"column":0},"end":{"line":58,"column":99}},"10":{"start":{"line":75,"column":0},"end":{"line":75,"column":111}},"11":{"start":{"line":105,"column":0},"end":{"line":105,"column":94}},"12":{"start":{"line":106,"column":0},"end":{"line":111,"column":2}},"13":{"start":{"line":141,"column":0},"end":{"line":147,"column":2}},"14":{"start":{"line":177,"column":0},"end":{"line":182,"column":2}},"15":{"start":{"line":183,"column":0},"end":{"line":183,"column":113}},"16":{"start":{"line":185,"column":0},"end":{"line":185,"column":22}}},"fnMap":{},"branchMap":{},"s":{"0":1,"1":1,"2":1,"3":1,"4":1,"5":1,"6":1,"7":1,"8":1,"9":1,"10":1,"11":1,"12":1,"13":1,"14":1,"15":1,"16":1},"f":{},"b":{}}
,"/home/Coder/prueba-nodejs/api-riwimedicare/src/modules/request/request.service.ts": {"path":"/home/Coder/prueba-nodejs/api-riwimedicare/src/modules/request/request.service.ts","statementMap":{"0":{"start":{"line":1,"column":0},"end":{"line":1,"column":44}},"1":{"start":{"line":2,"column":0},"end":{"line":2,"column":57}},"2":{"start":{"line":3,"column":0},"end":{"line":3,"column":80}},"3":{"start":{"line":4,"column":0},"end":{"line":4,"column":44}},"4":{"start":{"line":5,"column":0},"end":{"line":5,"column":56}},"5":{"start":{"line":6,"column":0},"end":{"line":6,"column":53}},"6":{"start":{"line":7,"column":0},"end":{"line":7,"column":53}},"7":{"start":{"line":8,"column":0},"end":{"line":8,"column":63}},"8":{"start":{"line":11,"column":60},"end":{"line":20,"column":2}},"9":{"start":{"line":24,"column":8},"end":{"line":44,"column":11}},"10":{"start":{"line":25,"column":52},"end":{"line":29,"column":14}},"11":{"start":{"line":30,"column":12},"end":{"line":30,"column":69}},"12":{"start":{"line":30,"column":25},"end":{"line":30,"column":69}},"13":{"start":{"line":31,"column":12},"end":{"line":31,"column":77}},"14":{"start":{"line":31,"column":29},"end":{"line":31,"column":77}},"15":{"start":{"line":32,"column":12},"end":{"line":32,"column":75}},"16":{"start":{"line":32,"column":28},"end":{"line":32,"column":75}},"17":{"start":{"line":34,"column":30},"end":{"line":38,"column":14}},"18":{"start":{"line":39,"column":12},"end":{"line":39,"column":118}},"19":{"start":{"line":39,"column":28},"end":{"line":39,"column":118}},"20":{"start":{"line":40,"column":12},"end":{"line":40,"column":104}},"21":{"start":{"line":40,"column":52},"end":{"line":40,"column":104}},"22":{"start":{"line":42,"column":12},"end":{"line":42,"column":86}},"23":{"start":{"line":43,"column":12},"end":{"line":43,"column":63}},"24":{"start":{"line":48,"column":8},"end":{"line":58,"column":11}},"25":{"start":{"line":62,"column":8},"end":{"line":106,"column":11}},"26":{"start":{"line":63,"column":28},"end":{"line":67,"column":14}},"27":{"start":{"line":68,"column":12},"end":{"line":68,"column":78}},"28":{"start":{"line":68,"column":26},"end":{"line":68,"column":78}},"29":{"start":{"line":69,"column":12},"end":{"line":69,"column":106}},"30":{"start":{"line":69,"column":91},"end":{"line":69,"column":106}},"31":{"start":{"line":70,"column":12},"end":{"line":72,"column":13}},"32":{"start":{"line":71,"column":16},"end":{"line":71,"column":83}},"33":{"start":{"line":74,"column":30},"end":{"line":77,"column":14}},"34":{"start":{"line":78,"column":12},"end":{"line":78,"column":75}},"35":{"start":{"line":78,"column":28},"end":{"line":78,"column":75}},"36":{"start":{"line":80,"column":12},"end":{"line":83,"column":13}},"37":{"start":{"line":81,"column":16},"end":{"line":81,"column":78}},"38":{"start":{"line":82,"column":16},"end":{"line":82,"column":31}},"39":{"start":{"line":85,"column":33},"end":{"line":89,"column":14}},"40":{"start":{"line":90,"column":12},"end":{"line":91,"column":114}},"41":{"start":{"line":91,"column":16},"end":{"line":91,"column":114}},"42":{"start":{"line":92,"column":12},"end":{"line":93,"column":94}},"43":{"start":{"line":93,"column":16},"end":{"line":93,"column":94}},"44":{"start":{"line":95,"column":33},"end":{"line":99,"column":14}},"45":{"start":{"line":100,"column":12},"end":{"line":100,"column":118}},"46":{"start":{"line":100,"column":31},"end":{"line":100,"column":118}},"47":{"start":{"line":102,"column":12},"end":{"line":102,"column":92}},"48":{"start":{"line":103,"column":12},"end":{"line":103,"column":92}},"49":{"start":{"line":104,"column":12},"end":{"line":104,"column":105}},"50":{"start":{"line":105,"column":12},"end":{"line":105,"column":27}},"51":{"start":{"line":110,"column":23},"end":{"line":110,"column":90}},"52":{"start":{"line":111,"column":8},"end":{"line":111,"column":65}},"53":{"start":{"line":111,"column":21},"end":{"line":111,"column":65}},"54":{"start":{"line":112,"column":8},"end":{"line":115,"column":11}},"55":{"start":{"line":119,"column":24},"end":{"line":119,"column":102}},"56":{"start":{"line":120,"column":8},"end":{"line":120,"column":74}},"57":{"start":{"line":120,"column":22},"end":{"line":120,"column":74}},"58":{"start":{"line":121,"column":8},"end":{"line":121,"column":23}},"59":{"start":{"line":125,"column":8},"end":{"line":145,"column":11}},"60":{"start":{"line":126,"column":28},"end":{"line":130,"column":14}},"61":{"start":{"line":131,"column":12},"end":{"line":131,"column":78}},"62":{"start":{"line":131,"column":26},"end":{"line":131,"column":78}},"63":{"start":{"line":132,"column":12},"end":{"line":134,"column":13}},"64":{"start":{"line":133,"column":16},"end":{"line":133,"column":112}},"65":{"start":{"line":135,"column":12},"end":{"line":142,"column":13}},"66":{"start":{"line":136,"column":34},"end":{"line":140,"column":18}},"67":{"start":{"line":141,"column":16},"end":{"line":141,"column":108}},"68":{"start":{"line":141,"column":31},"end":{"line":141,"column":108}},"69":{"start":{"line":143,"column":12},"end":{"line":143,"column":75}},"70":{"start":{"line":144,"column":12},"end":{"line":144,"column":27}},"71":{"start":{"line":149,"column":8},"end":{"line":168,"column":11}},"72":{"start":{"line":150,"column":28},"end":{"line":154,"column":14}},"73":{"start":{"line":155,"column":12},"end":{"line":155,"column":78}},"74":{"start":{"line":155,"column":26},"end":{"line":155,"column":78}},"75":{"start":{"line":157,"column":12},"end":{"line":165,"column":13}},"76":{"start":{"line":158,"column":34},"end":{"line":162,"column":18}},"77":{"start":{"line":163,"column":16},"end":{"line":163,"column":103}},"78":{"start":{"line":163,"column":32},"end":{"line":163,"column":103}},"79":{"start":{"line":164,"column":16},"end":{"line":164,"column":93}},"80":{"start":{"line":167,"column":12},"end":{"line":167,"column":73}},"81":{"start":{"line":22,"column":0},"end":{"line":22,"column":13}},"82":{"start":{"line":172,"column":13},"end":{"line":172,"column":51}}},"fnMap":{"0":{"name":"(anonymous_1)","decl":{"start":{"line":23,"column":11},"end":{"line":23,"column":16}},"loc":{"start":{"line":23,"column":48},"end":{"line":45,"column":5}}},"1":{"name":"(anonymous_2)","decl":{"start":{"line":24,"column":37},"end":{"line":24,"column":42}},"loc":{"start":{"line":24,"column":72},"end":{"line":44,"column":9}}},"2":{"name":"(anonymous_3)","decl":{"start":{"line":47,"column":11},"end":{"line":47,"column":16}},"loc":{"start":{"line":47,"column":43},"end":{"line":59,"column":5}}},"3":{"name":"(anonymous_4)","decl":{"start":{"line":61,"column":11},"end":{"line":61,"column":16}},"loc":{"start":{"line":61,"column":60},"end":{"line":107,"column":5}}},"4":{"name":"(anonymous_5)","decl":{"start":{"line":62,"column":37},"end":{"line":62,"column":42}},"loc":{"start":{"line":62,"column":72},"end":{"line":106,"column":9}}},"5":{"name":"(anonymous_6)","decl":{"start":{"line":109,"column":11},"end":{"line":109,"column":16}},"loc":{"start":{"line":109,"column":46},"end":{"line":116,"column":5}}},"6":{"name":"(anonymous_7)","decl":{"start":{"line":118,"column":11},"end":{"line":118,"column":16}},"loc":{"start":{"line":118,"column":36},"end":{"line":122,"column":5}}},"7":{"name":"(anonymous_8)","decl":{"start":{"line":124,"column":11},"end":{"line":124,"column":16}},"loc":{"start":{"line":124,"column":72},"end":{"line":146,"column":5}}},"8":{"name":"(anonymous_9)","decl":{"start":{"line":125,"column":37},"end":{"line":125,"column":42}},"loc":{"start":{"line":125,"column":72},"end":{"line":145,"column":9}}},"9":{"name":"(anonymous_10)","decl":{"start":{"line":148,"column":11},"end":{"line":148,"column":16}},"loc":{"start":{"line":148,"column":34},"end":{"line":169,"column":5}}},"10":{"name":"(anonymous_11)","decl":{"start":{"line":149,"column":36},"end":{"line":149,"column":41}},"loc":{"start":{"line":149,"column":71},"end":{"line":168,"column":9}}}},"branchMap":{"0":{"loc":{"start":{"line":30,"column":12},"end":{"line":30,"column":69}},"type":"if","locations":[{"start":{"line":30,"column":12},"end":{"line":30,"column":69}},{"start":{},"end":{}}]},"1":{"loc":{"start":{"line":31,"column":12},"end":{"line":31,"column":77}},"type":"if","locations":[{"start":{"line":31,"column":12},"end":{"line":31,"column":77}},{"start":{},"end":{}}]},"2":{"loc":{"start":{"line":32,"column":12},"end":{"line":32,"column":75}},"type":"if","locations":[{"start":{"line":32,"column":12},"end":{"line":32,"column":75}},{"start":{},"end":{}}]},"3":{"loc":{"start":{"line":39,"column":12},"end":{"line":39,"column":118}},"type":"if","locations":[{"start":{"line":39,"column":12},"end":{"line":39,"column":118}},{"start":{},"end":{}}]},"4":{"loc":{"start":{"line":40,"column":12},"end":{"line":40,"column":104}},"type":"if","locations":[{"start":{"line":40,"column":12},"end":{"line":40,"column":104}},{"start":{},"end":{}}]},"5":{"loc":{"start":{"line":47,"column":25},"end":{"line":47,"column":43}},"type":"default-arg","locations":[{"start":{"line":47,"column":38},"end":{"line":47,"column":43}}]},"6":{"loc":{"start":{"line":49,"column":19},"end":{"line":51,"column":52}},"type":"cond-expr","locations":[{"start":{"line":50,"column":18},"end":{"line":50,"column":80}},{"start":{"line":51,"column":18},"end":{"line":51,"column":52}}]},"7":{"loc":{"start":{"line":68,"column":12},"end":{"line":68,"column":78}},"type":"if","locations":[{"start":{"line":68,"column":12},"end":{"line":68,"column":78}},{"start":{},"end":{}}]},"8":{"loc":{"start":{"line":69,"column":12},"end":{"line":69,"column":106}},"type":"if","locations":[{"start":{"line":69,"column":12},"end":{"line":69,"column":106}},{"start":{},"end":{}}]},"9":{"loc":{"start":{"line":69,"column":16},"end":{"line":69,"column":89}},"type":"binary-expr","locations":[{"start":{"line":69,"column":16},"end":{"line":69,"column":45}},{"start":{"line":69,"column":49},"end":{"line":69,"column":89}}]},"10":{"loc":{"start":{"line":70,"column":12},"end":{"line":72,"column":13}},"type":"if","locations":[{"start":{"line":70,"column":12},"end":{"line":72,"column":13}},{"start":{},"end":{}}]},"11":{"loc":{"start":{"line":78,"column":12},"end":{"line":78,"column":75}},"type":"if","locations":[{"start":{"line":78,"column":12},"end":{"line":78,"column":75}},{"start":{},"end":{}}]},"12":{"loc":{"start":{"line":80,"column":12},"end":{"line":83,"column":13}},"type":"if","locations":[{"start":{"line":80,"column":12},"end":{"line":83,"column":13}},{"start":{},"end":{}}]},"13":{"loc":{"start":{"line":90,"column":12},"end":{"line":91,"column":114}},"type":"if","locations":[{"start":{"line":90,"column":12},"end":{"line":91,"column":114}},{"start":{},"end":{}}]},"14":{"loc":{"start":{"line":92,"column":12},"end":{"line":93,"column":94}},"type":"if","locations":[{"start":{"line":92,"column":12},"end":{"line":93,"column":94}},{"start":{},"end":{}}]},"15":{"loc":{"start":{"line":100,"column":12},"end":{"line":100,"column":118}},"type":"if","locations":[{"start":{"line":100,"column":12},"end":{"line":100,"column":118}},{"start":{},"end":{}}]},"16":{"loc":{"start":{"line":111,"column":8},"end":{"line":111,"column":65}},"type":"if","locations":[{"start":{"line":111,"column":8},"end":{"line":111,"column":65}},{"start":{},"end":{}}]},"17":{"loc":{"start":{"line":120,"column":8},"end":{"line":120,"column":74}},"type":"if","locations":[{"start":{"line":120,"column":8},"end":{"line":120,"column":74}},{"start":{},"end":{}}]},"18":{"loc":{"start":{"line":131,"column":12},"end":{"line":131,"column":78}},"type":"if","locations":[{"start":{"line":131,"column":12},"end":{"line":131,"column":78}},{"start":{},"end":{}}]},"19":{"loc":{"start":{"line":132,"column":12},"end":{"line":134,"column":13}},"type":"if","locations":[{"start":{"line":132,"column":12},"end":{"line":134,"column":13}},{"start":{},"end":{}}]},"20":{"loc":{"start":{"line":135,"column":12},"end":{"line":142,"column":13}},"type":"if","locations":[{"start":{"line":135,"column":12},"end":{"line":142,"column":13}},{"start":{},"end":{}}]},"21":{"loc":{"start":{"line":141,"column":16},"end":{"line":141,"column":108}},"type":"if","locations":[{"start":{"line":141,"column":16},"end":{"line":141,"column":108}},{"start":{},"end":{}}]},"22":{"loc":{"start":{"line":155,"column":12},"end":{"line":155,"column":78}},"type":"if","locations":[{"start":{"line":155,"column":12},"end":{"line":155,"column":78}},{"start":{},"end":{}}]},"23":{"loc":{"start":{"line":157,"column":12},"end":{"line":165,"column":13}},"type":"if","locations":[{"start":{"line":157,"column":12},"end":{"line":165,"column":13}},{"start":{},"end":{}}]},"24":{"loc":{"start":{"line":163,"column":16},"end":{"line":163,"column":103}},"type":"if","locations":[{"start":{"line":163,"column":16},"end":{"line":163,"column":103}},{"start":{},"end":{}}]}},"s":{"0":1,"1":1,"2":1,"3":1,"4":1,"5":1,"6":1,"7":1,"8":1,"9":2,"10":2,"11":2,"12":0,"13":2,"14":0,"15":2,"16":0,"17":2,"18":2,"19":0,"20":2,"21":1,"22":1,"23":1,"24":0,"25":0,"26":0,"27":0,"28":0,"29":0,"30":0,"31":0,"32":0,"33":0,"34":0,"35":0,"36":0,"37":0,"38":0,"39":0,"40":0,"41":0,"42":0,"43":0,"44":0,"45":0,"46":0,"47":0,"48":0,"49":0,"50":0,"51":0,"52":0,"53":0,"54":0,"55":0,"56":0,"57":0,"58":0,"59":2,"60":2,"61":2,"62":0,"63":2,"64":1,"65":1,"66":1,"67":1,"68":1,"69":1,"70":1,"71":0,"72":0,"73":0,"74":0,"75":0,"76":0,"77":0,"78":0,"79":0,"80":0,"81":1,"82":1},"f":{"0":2,"1":2,"2":0,"3":0,"4":0,"5":0,"6":0,"7":2,"8":2,"9":0,"10":0},"b":{"0":[0,2],"1":[0,2],"2":[0,2],"3":[0,2],"4":[1,1],"5":[0],"6":[0,0],"7":[0,0],"8":[0,0],"9":[0,0],"10":[0,0],"11":[0,0],"12":[0,0],"13":[0,0],"14":[0,0],"15":[0,0],"16":[0,0],"17":[0,0],"18":[0,2],"19":[1,1],"20":[1,0],"21":[1,0],"22":[0,0],"23":[0,0],"24":[0,0]}}
}
