TN:
SF:src/app.ts
FN:40,(anonymous_1)
FNF:1
FNH:0
FNDA:0,(anonymous_1)
DA:3,1
DA:4,1
DA:5,1
DA:6,1
DA:7,1
DA:8,1
DA:9,1
DA:10,1
DA:11,1
DA:12,1
DA:13,1
DA:14,1
DA:16,1
DA:19,1
DA:22,1
DA:32,1
DA:33,1
DA:34,1
DA:35,1
DA:36,1
DA:37,1
DA:38,1
DA:40,1
DA:41,0
DA:45,1
DA:47,1
LF:26
LH:25
BRF:0
BRH:0
end_of_record
TN:
SF:src/core/middlewares/auth.middleware.ts
FN:29,(anonymous_0)
FNF:1
FNH:1
FNDA:7,(anonymous_0)
DA:4,1
DA:5,1
DA:29,1
DA:30,7
DA:32,7
DA:33,7
DA:34,1
DA:37,6
DA:38,0
DA:41,6
DA:43,6
DA:45,5
DA:47,5
DA:53,2
DA:54,1
DA:56,1
LF:16
LH:15
BRDA:33,0,0,1
BRDA:33,0,1,6
BRDA:37,1,0,0
BRDA:37,1,1,6
BRDA:53,2,0,1
BRDA:53,2,1,1
BRF:6
BRH:5
end_of_record
TN:
SF:src/core/middlewares/error.middleware.ts
FN:23,(anonymous_0)
FNF:1
FNH:1
FNDA:6,(anonymous_0)
DA:4,1
DA:5,1
DA:23,1
DA:31,6
DA:32,6
DA:33,6
DA:36,6
DA:37,6
DA:38,6
DA:39,6
DA:40,0
DA:42,0
DA:43,0
DA:44,0
DA:48,6
DA:49,6
DA:50,6
DA:54,6
DA:55,6
DA:57,6
DA:68,6
LF:21
LH:17
BRDA:36,0,0,6
BRDA:36,0,1,0
BRDA:40,1,0,0
BRDA:40,1,1,0
BRDA:49,2,0,6
BRDA:49,2,1,0
BRDA:60,3,0,0
BRDA:60,3,1,6
BRDA:60,4,0,0
BRDA:60,4,1,6
BRDA:62,5,0,2
BRDA:62,5,1,4
BRDA:64,6,0,6
BRDA:64,6,1,0
BRF:14
BRH:7
end_of_record
TN:
SF:src/core/middlewares/role.middleware.ts
FN:12,(anonymous_0)
FN:14,(anonymous_1)
FNF:2
FNH:2
FNDA:12,(anonymous_0)
FNDA:5,(anonymous_1)
DA:4,1
DA:12,1
DA:14,12
DA:15,5
DA:17,5
DA:18,0
DA:22,5
DA:25,5
DA:27,0
DA:33,5
DA:36,0
LF:11
LH:8
BRDA:17,0,0,0
BRDA:17,0,1,5
BRDA:17,1,0,5
BRDA:17,1,1,5
BRDA:25,2,0,0
BRDA:25,2,1,5
BRF:6
BRH:4
end_of_record
TN:
SF:src/core/middlewares/upload.middleware.ts
FN:14,(anonymous_1)
FN:29,(anonymous_2)
FN:30,(anonymous_3)
FNF:3
FNH:0
FNDA:0,(anonymous_1)
FNDA:0,(anonymous_2)
FNDA:0,(anonymous_3)
DA:1,1
DA:3,1
DA:5,1
DA:14,1
DA:15,0
DA:16,0
DA:17,0
DA:18,0
DA:20,0
DA:23,1
DA:29,1
DA:30,0
DA:31,0
DA:32,0
DA:33,0
DA:35,0
LF:16
LH:6
BRDA:15,0,0,0
BRDA:15,0,1,0
BRDA:16,1,0,0
BRDA:16,1,1,0
BRDA:16,2,0,0
BRDA:16,2,1,0
BRDA:31,3,0,0
BRDA:31,3,1,0
BRF:8
BRH:0
end_of_record
TN:
SF:src/core/middlewares/validate.middleware.ts
FN:32,(anonymous_0)
FN:33,(anonymous_1)
FN:39,(anonymous_2)
FNF:3
FNH:3
FNDA:13,(anonymous_0)
FNDA:8,(anonymous_1)
FNDA:2,(anonymous_2)
DA:5,1
DA:18,1
DA:32,1
DA:33,13
DA:35,8
DA:37,8
DA:39,2
DA:45,2
DA:48,2
DA:50,2
DA:54,6
DA:57,6
LF:12
LH:12
BRDA:37,0,0,2
BRDA:37,0,1,6
BRF:2
BRH:2
end_of_record
TN:
SF:src/core/utils/hash.util.ts
FN:21,(anonymous_1)
FN:33,(anonymous_2)
FNF:2
FNH:2
FNDA:1,(anonymous_1)
FNDA:1,(anonymous_2)
DA:3,1
DA:12,1
DA:21,1
DA:22,1
DA:33,1
DA:34,1
LF:6
LH:6
BRF:0
BRH:0
end_of_record
TN:
SF:src/core/utils/jwt.util.ts
FN:22,(anonymous_1)
FN:38,(anonymous_2)
FN:56,(anonymous_3)
FNF:3
FNH:3
FNDA:1,(anonymous_1)
FNDA:6,(anonymous_2)
FNDA:5,(anonymous_3)
DA:3,1
DA:4,1
DA:22,1
DA:23,1
DA:28,1
DA:38,1
DA:43,6
DA:47,6
DA:49,5
DA:50,0
DA:53,5
DA:56,1
DA:57,5
LF:13
LH:12
BRDA:49,0,0,0
BRDA:49,0,1,5
BRDA:58,1,0,5
BRDA:58,1,1,5
BRDA:58,1,2,5
BRDA:58,1,3,5
BRDA:58,1,4,5
BRDA:58,1,5,0
BRF:8
BRH:6
end_of_record
TN:
SF:src/modules/auth/auth.controller.ts
FN:13,(anonymous_0)
FN:32,(anonymous_1)
FNF:2
FNH:2
FNDA:1,(anonymous_0)
FNDA:1,(anonymous_1)
DA:6,1
DA:8,1
DA:14,1
DA:16,1
DA:18,1
DA:24,0
DA:33,1
DA:35,1
DA:37,1
DA:45,0
DA:51,1
LF:11
LH:9
BRF:0
BRH:0
end_of_record
TN:
SF:src/modules/auth/auth.dto.ts
FNF:0
FNH:0
DA:3,1
DA:5,1
DA:14,1
DA:48,1
LF:4
LH:4
BRF:0
BRH:0
end_of_record
TN:
SF:src/modules/auth/auth.routes.ts
FNF:0
FNH:0
DA:3,1
DA:4,1
DA:5,1
DA:6,1
DA:8,1
DA:57,1
DA:100,1
DA:102,1
LF:8
LH:8
BRF:0
BRH:0
end_of_record
TN:
SF:src/modules/auth/auth.service.ts
FN:24,(anonymous_1)
FN:51,(anonymous_2)
FNF:2
FNH:2
FNDA:1,(anonymous_1)
FNDA:1,(anonymous_2)
DA:3,1
DA:4,1
DA:5,1
DA:6,1
DA:7,1
DA:20,1
DA:25,1
DA:26,1
DA:27,0
DA:30,1
DA:31,1
DA:32,0
DA:37,1
DA:39,1
DA:45,1
DA:52,1
DA:62,1
DA:63,0
DA:66,1
DA:67,1
DA:68,0
DA:71,1
DA:72,1
DA:74,1
DA:79,1
DA:83,1
LF:26
LH:22
BRDA:26,0,0,0
BRDA:26,0,1,1
BRDA:31,1,0,0
BRDA:31,1,1,1
BRDA:62,2,0,0
BRDA:62,2,1,1
BRDA:67,3,0,0
BRDA:67,3,1,1
BRF:8
BRH:4
end_of_record
TN:
SF:src/modules/request/request.controller.ts
FN:5,(anonymous_0)
FN:13,(anonymous_1)
FN:21,(anonymous_2)
FN:29,(anonymous_3)
FN:37,(anonymous_4)
FN:45,(anonymous_5)
FN:53,(anonymous_6)
FN:61,(anonymous_7)
FNF:8
FNH:2
FNDA:2,(anonymous_0)
FNDA:0,(anonymous_1)
FNDA:0,(anonymous_2)
FNDA:0,(anonymous_3)
FNDA:0,(anonymous_4)
FNDA:2,(anonymous_5)
FNDA:0,(anonymous_6)
FNDA:0,(anonymous_7)
DA:2,1
DA:4,1
DA:6,2
DA:7,2
DA:9,1
DA:14,0
DA:15,0
DA:17,0
DA:22,0
DA:23,0
DA:25,0
DA:30,0
DA:31,0
DA:33,0
DA:38,0
DA:39,0
DA:41,0
DA:46,2
DA:47,2
DA:49,1
DA:54,0
DA:55,0
DA:57,0
DA:62,0
DA:63,0
DA:64,0
DA:66,0
DA:71,1
LF:28
LH:9
BRF:0
BRH:0
end_of_record
TN:
SF:src/modules/request/request.dto.ts
FNF:0
FNH:0
DA:1,1
DA:4,1
DA:11,1
DA:15,1
LF:4
LH:4
BRF:0
BRH:0
end_of_record
TN:
SF:src/modules/request/request.model.ts
FNF:0
FNH:0
DA:1,1
DA:2,1
DA:27,1
DA:38,1
DA:63,1
LF:5
LH:5
BRF:0
BRH:0
end_of_record
TN:
SF:src/modules/request/request.routes.ts
FNF:0
FNH:0
DA:1,1
DA:2,1
DA:3,1
DA:4,1
DA:5,1
DA:6,1
DA:8,1
DA:9,1
DA:47,1
DA:58,1
DA:75,1
DA:105,1
DA:106,1
DA:141,1
DA:177,1
DA:183,1
DA:185,1
LF:17
LH:17
BRF:0
BRH:0
end_of_record
TN:
SF:src/modules/request/request.service.ts
FN:23,(anonymous_1)
FN:24,(anonymous_2)
FN:47,(anonymous_3)
FN:61,(anonymous_4)
FN:62,(anonymous_5)
FN:109,(anonymous_6)
FN:118,(anonymous_7)
FN:124,(anonymous_8)
FN:125,(anonymous_9)
FN:148,(anonymous_10)
FN:149,(anonymous_11)
FNF:11
FNH:4
FNDA:2,(anonymous_1)
FNDA:2,(anonymous_2)
FNDA:0,(anonymous_3)
FNDA:0,(anonymous_4)
FNDA:0,(anonymous_5)
FNDA:0,(anonymous_6)
FNDA:0,(anonymous_7)
FNDA:2,(anonymous_8)
FNDA:2,(anonymous_9)
FNDA:0,(anonymous_10)
FNDA:0,(anonymous_11)
DA:1,1
DA:2,1
DA:3,1
DA:4,1
DA:5,1
DA:6,1
DA:7,1
DA:8,1
DA:11,1
DA:22,1
DA:24,2
DA:25,2
DA:30,2
DA:31,2
DA:32,2
DA:34,2
DA:39,2
DA:40,2
DA:42,1
DA:43,1
DA:48,0
DA:62,0
DA:63,0
DA:68,0
DA:69,0
DA:70,0
DA:71,0
DA:74,0
DA:78,0
DA:80,0
DA:81,0
DA:82,0
DA:85,0
DA:90,0
DA:91,0
DA:92,0
DA:93,0
DA:95,0
DA:100,0
DA:102,0
DA:103,0
DA:104,0
DA:105,0
DA:110,0
DA:111,0
DA:112,0
DA:119,0
DA:120,0
DA:121,0
DA:125,2
DA:126,2
DA:131,2
DA:132,2
DA:133,1
DA:135,1
DA:136,1
DA:141,1
DA:143,1
DA:144,1
DA:149,0
DA:150,0
DA:155,0
DA:157,0
DA:158,0
DA:163,0
DA:164,0
DA:167,0
DA:172,1
LF:68
LH:31
BRDA:30,0,0,0
BRDA:30,0,1,2
BRDA:31,1,0,0
BRDA:31,1,1,2
BRDA:32,2,0,0
BRDA:32,2,1,2
BRDA:39,3,0,0
BRDA:39,3,1,2
BRDA:40,4,0,1
BRDA:40,4,1,1
BRDA:47,5,0,0
BRDA:49,6,0,0
BRDA:49,6,1,0
BRDA:68,7,0,0
BRDA:68,7,1,0
BRDA:69,8,0,0
BRDA:69,8,1,0
BRDA:69,9,0,0
BRDA:69,9,1,0
BRDA:70,10,0,0
BRDA:70,10,1,0
BRDA:78,11,0,0
BRDA:78,11,1,0
BRDA:80,12,0,0
BRDA:80,12,1,0
BRDA:90,13,0,0
BRDA:90,13,1,0
BRDA:92,14,0,0
BRDA:92,14,1,0
BRDA:100,15,0,0
BRDA:100,15,1,0
BRDA:111,16,0,0
BRDA:111,16,1,0
BRDA:120,17,0,0
BRDA:120,17,1,0
BRDA:131,18,0,0
BRDA:131,18,1,2
BRDA:132,19,0,1
BRDA:132,19,1,1
BRDA:135,20,0,1
BRDA:135,20,1,0
BRDA:141,21,0,1
BRDA:141,21,1,0
BRDA:155,22,0,0
BRDA:155,22,1,0
BRDA:157,23,0,0
BRDA:157,23,1,0
BRDA:163,24,0,0
BRDA:163,24,1,0
BRF:49
BRH:11
end_of_record
